[2021-12-12 13:46:06] laravel.EMERGENCY: Unable to create configured logger. Using emergency logger. {"exception":"[object] (InvalidArgumentException(code: 0): Log [] is not defined. at C:\\xampp\\htdocs\\ecommerce\\vendor\\laravel\\framework\\src\\Illuminate\\Log\\LogManager.php:207)
[stacktrace]
#0 C:\\xampp\\htdocs\\ecommerce\\vendor\\laravel\\framework\\src\\Illuminate\\Log\\LogManager.php(132): Illuminate\\Log\\LogManager->resolve(NULL, NULL)
#1 C:\\xampp\\htdocs\\ecommerce\\vendor\\laravel\\framework\\src\\Illuminate\\Log\\LogManager.php(111): Illuminate\\Log\\LogManager->get(NULL)
#2 C:\\xampp\\htdocs\\ecommerce\\vendor\\laravel\\framework\\src\\Illuminate\\Log\\LogManager.php(583): Illuminate\\Log\\LogManager->driver()
#3 C:\\xampp\\htdocs\\ecommerce\\vendor\\laravel\\framework\\src\\Illuminate\\Foundation\\Exceptions\\Handler.php(252): Illuminate\\Log\\LogManager->error('Class 'Maatwebs...', Array)
#4 C:\\xampp\\htdocs\\ecommerce\\vendor\\laravel\\framework\\src\\Illuminate\\Foundation\\Console\\Kernel.php(366): Illuminate\\Foundation\\Exceptions\\Handler->report(Object(Error))
#5 C:\\xampp\\htdocs\\ecommerce\\vendor\\laravel\\framework\\src\\Illuminate\\Foundation\\Console\\Kernel.php(131): Illuminate\\Foundation\\Console\\Kernel->reportException(Object(Error))
#6 Command line code(1): Illuminate\\Foundation\\Console\\Kernel->handle(Object(Symfony\\Component\\Console\\Input\\ArgvInput), Object(Symfony\\Component\\Console\\Output\\ConsoleOutput))
#7 {main}
"} 
[2021-12-12 13:46:06] laravel.ERROR: Class 'Maatwebsite\Excel\Excel' not found {"exception":"[object] (Error(code: 0): Class 'Maatwebsite\\Excel\\Excel' not found at C:\\xampp\\htdocs\\ecommerce\\config\\excel.php:91)
[stacktrace]
#0 C:\\xampp\\htdocs\\ecommerce\\vendor\\laravel\\framework\\src\\Illuminate\\Foundation\\Bootstrap\\LoadConfiguration.php(72): require()
#1 C:\\xampp\\htdocs\\ecommerce\\vendor\\laravel\\framework\\src\\Illuminate\\Foundation\\Bootstrap\\LoadConfiguration.php(39): Illuminate\\Foundation\\Bootstrap\\LoadConfiguration->loadConfigurationFiles(Object(Illuminate\\Foundation\\Application), Object(Illuminate\\Config\\Repository))
#2 C:\\xampp\\htdocs\\ecommerce\\vendor\\laravel\\framework\\src\\Illuminate\\Foundation\\Application.php(237): Illuminate\\Foundation\\Bootstrap\\LoadConfiguration->bootstrap(Object(Illuminate\\Foundation\\Application))
#3 C:\\xampp\\htdocs\\ecommerce\\vendor\\laravel\\framework\\src\\Illuminate\\Foundation\\Console\\Kernel.php(310): Illuminate\\Foundation\\Application->bootstrapWith(Array)
#4 C:\\xampp\\htdocs\\ecommerce\\vendor\\laravel\\framework\\src\\Illuminate\\Foundation\\Console\\Kernel.php(127): Illuminate\\Foundation\\Console\\Kernel->bootstrap()
#5 Command line code(1): Illuminate\\Foundation\\Console\\Kernel->handle(Object(Symfony\\Component\\Console\\Input\\ArgvInput), Object(Symfony\\Component\\Console\\Output\\ConsoleOutput))
#6 {main}
"} 
[2021-12-12 13:46:06] laravel.EMERGENCY: Unable to create configured logger. Using emergency logger. {"exception":"[object] (InvalidArgumentException(code: 0): Log [] is not defined. at C:\\xampp\\htdocs\\ecommerce\\vendor\\laravel\\framework\\src\\Illuminate\\Log\\LogManager.php:207)
[stacktrace]
#0 C:\\xampp\\htdocs\\ecommerce\\vendor\\laravel\\framework\\src\\Illuminate\\Log\\LogManager.php(132): Illuminate\\Log\\LogManager->resolve(NULL, NULL)
#1 C:\\xampp\\htdocs\\ecommerce\\vendor\\laravel\\framework\\src\\Illuminate\\Log\\LogManager.php(111): Illuminate\\Log\\LogManager->get(NULL)
#2 C:\\xampp\\htdocs\\ecommerce\\vendor\\laravel\\framework\\src\\Illuminate\\Log\\LogManager.php(583): Illuminate\\Log\\LogManager->driver()
#3 C:\\xampp\\htdocs\\ecommerce\\vendor\\laravel\\framework\\src\\Illuminate\\Foundation\\Exceptions\\Handler.php(252): Illuminate\\Log\\LogManager->error('Class 'Maatwebs...', Array)
#4 C:\\xampp\\htdocs\\ecommerce\\vendor\\laravel\\framework\\src\\Illuminate\\Foundation\\Console\\Kernel.php(366): Illuminate\\Foundation\\Exceptions\\Handler->report(Object(Error))
#5 C:\\xampp\\htdocs\\ecommerce\\vendor\\laravel\\framework\\src\\Illuminate\\Foundation\\Console\\Kernel.php(131): Illuminate\\Foundation\\Console\\Kernel->reportException(Object(Error))
#6 Command line code(1): Illuminate\\Foundation\\Console\\Kernel->handle(Object(Symfony\\Component\\Console\\Input\\ArgvInput), Object(Symfony\\Component\\Console\\Output\\ConsoleOutput))
#7 {main}
"} 
[2021-12-12 13:46:06] laravel.ERROR: Class 'Maatwebsite\Excel\Excel' not found {"exception":"[object] (Error(code: 0): Class 'Maatwebsite\\Excel\\Excel' not found at C:\\xampp\\htdocs\\ecommerce\\config\\excel.php:91)
[stacktrace]
#0 C:\\xampp\\htdocs\\ecommerce\\vendor\\laravel\\framework\\src\\Illuminate\\Foundation\\Bootstrap\\LoadConfiguration.php(72): require()
#1 C:\\xampp\\htdocs\\ecommerce\\vendor\\laravel\\framework\\src\\Illuminate\\Foundation\\Bootstrap\\LoadConfiguration.php(39): Illuminate\\Foundation\\Bootstrap\\LoadConfiguration->loadConfigurationFiles(Object(Illuminate\\Foundation\\Application), Object(Illuminate\\Config\\Repository))
#2 C:\\xampp\\htdocs\\ecommerce\\vendor\\laravel\\framework\\src\\Illuminate\\Foundation\\Application.php(237): Illuminate\\Foundation\\Bootstrap\\LoadConfiguration->bootstrap(Object(Illuminate\\Foundation\\Application))
#3 C:\\xampp\\htdocs\\ecommerce\\vendor\\laravel\\framework\\src\\Illuminate\\Foundation\\Console\\Kernel.php(310): Illuminate\\Foundation\\Application->bootstrapWith(Array)
#4 C:\\xampp\\htdocs\\ecommerce\\vendor\\laravel\\framework\\src\\Illuminate\\Foundation\\Console\\Kernel.php(127): Illuminate\\Foundation\\Console\\Kernel->bootstrap()
#5 Command line code(1): Illuminate\\Foundation\\Console\\Kernel->handle(Object(Symfony\\Component\\Console\\Input\\ArgvInput), Object(Symfony\\Component\\Console\\Output\\ConsoleOutput))
#6 {main}
"} 
